Experiment: exp_05-04-2021-09-33
Training with a single process on 1 GPUs.
Git commit hash: 80da582
Using CSV: /root/Projects/Shopee/meta_data/train_folds.csv
NumExpr defaulting to 4 threads.
Data: train size: 27399, val_size: 6851
Loading pretrained weights from url (https://github.com/rwightman/pytorch-image-models/releases/download/v0.1-weights/tf_efficientnet_b3_ns-9d44bf68.pth)
Model 'ArcFaceNet' with backbone: tf_efficientnet_b3_ns created, param count: 17_126_440
Using optimizer: AdamW (
Parameter Group 0
    amsgrad: False
    betas: (0.9, 0.999)
    eps: 1e-08
    lr: 0.001
    weight_decay: 0.0
)
AMP: 'NativeScaler'
Epoch 0 - avg train loss: 29.3064
Epoch 0 - avg val score: 0.6642, th: nan
epoch step: lr: 0.0000050
Epoch 0 - Save @ score: 0.6642
Epoch 1 - avg train loss: 28.9504
Epoch 1 - avg val score: 0.6405, th: nan
epoch step: lr: 0.0002040
Epoch 2 - avg train loss: 25.6886
Epoch 2 - avg val score: 0.7484, th: nan
epoch step: lr: 0.0004030
Epoch 2 - Save @ score: 0.7484
Epoch 3 - avg train loss: 20.1377
Epoch 3 - avg val score: 0.7572, th: nan
epoch step: lr: 0.0006020
Epoch 3 - Save @ score: 0.7572
Epoch 4 - avg train loss: 16.4493
Epoch 4 - avg val score: 0.7625, th: nan
epoch step: lr: 0.0008010
Epoch 4 - Save @ score: 0.7625
Epoch 5 - avg train loss: 14.4760
Epoch 5 - avg val score: 0.7622, th: nan
epoch step: lr: 0.0008536
Epoch 6 - avg train loss: 12.3096
Epoch 6 - avg val score: 0.7619, th: nan
epoch step: lr: 0.0007939
Epoch 7 - avg train loss: 10.0293
Epoch 7 - avg val score: 0.7606, th: nan
epoch step: lr: 0.0007270
Epoch 8 - avg train loss: 8.1645
Epoch 8 - avg val score: 0.7637, th: nan
epoch step: lr: 0.0006545
Epoch 8 - Save @ score: 0.7637
Epoch 9 - avg train loss: 6.6807
Epoch 9 - avg val score: 0.7650, th: nan
epoch step: lr: 0.0005783
Epoch 9 - Save @ score: 0.7650
Epoch 10 - avg train loss: 5.4739
Epoch 10 - avg val score: 0.7683, th: nan
epoch step: lr: 0.0005000
Epoch 10 - Save @ score: 0.7683
Epoch 11 - avg train loss: 4.4476
Epoch 11 - avg val score: 0.7683, th: nan
epoch step: lr: 0.0004218
Epoch 12 - avg train loss: 3.6093
Epoch 12 - avg val score: 0.7694, th: nan
epoch step: lr: 0.0003456
Epoch 12 - Save @ score: 0.7694
Epoch 13 - avg train loss: 2.9099
Epoch 13 - avg val score: 0.7731, th: nan
epoch step: lr: 0.0002731
Epoch 13 - Save @ score: 0.7731
Epoch 14 - avg train loss: 2.3186
Epoch 14 - avg val score: 0.7690, th: nan
epoch step: lr: 0.0002062
Epoch 15 - avg train loss: 1.8903
Epoch 15 - avg val score: 0.7672, th: nan
epoch step: lr: 0.0001465
Epoch 16 - avg train loss: 1.5509
Epoch 16 - avg val score: 0.7694, th: nan
epoch step: lr: 0.0000956
Epoch 17 - avg train loss: 1.2974
Epoch 17 - avg val score: 0.7691, th: nan
epoch step: lr: 0.0000546
Epoch 18 - avg train loss: 1.1397
Epoch 18 - avg val score: 0.7683, th: nan
epoch step: lr: 0.0000246
Epoch 19 - avg train loss: 1.0323
Epoch 19 - avg val score: 0.7692, th: nan
epoch step: lr: 0.0000063
Restoring model state from checkpoint...
Loaded checkpoint '/root/Projects/Shopee/models/exp_05-04-2021-09-33_f0_score.pth' (epoch 14)
validation for fold: 0, score: 0.7730934006782079
