Experiment: exp_03-04-2021-07-11
Training with a single process on 1 GPUs.
Git commit hash: ff69e0d
Using CSV: /root/Projects/Shopee/meta_data/train_folds.csv
NumExpr defaulting to 4 threads.
Data: train size: 27399, val_size: 6851
Loading pretrained weights from url (https://github.com/rwightman/pytorch-image-models/releases/download/v0.1-weights/tf_efficientnet_b3_ns-9d44bf68.pth)
Model 'ArcFaceNet' with backbone: tf_efficientnet_b3_ns created, param count: 17_126_440
Using optimizer: AdamW (
Parameter Group 0
    amsgrad: False
    betas: (0.9, 0.999)
    eps: 1e-08
    lr: 0.001
    weight_decay: 0.0
)
AMP: 'NativeScaler'
Epoch 0 - avg train loss: 24.3443
Epoch 0 - avg val score: 0.6505, th: nan
epoch step: lr: 0.0000050
Epoch 0 - Save @ score: 0.6505
Epoch 1 - avg train loss: 23.9089
Epoch 1 - avg val score: 0.6445, th: nan
epoch step: lr: 0.0003367
Epoch 2 - avg train loss: 19.4072
Epoch 2 - avg val score: 0.7457, th: nan
epoch step: lr: 0.0006683
Epoch 2 - Save @ score: 0.7457
Epoch 3 - avg train loss: 13.4378
Epoch 3 - avg val score: 0.7449, th: nan
epoch step: lr: 0.0009455
Epoch 4 - avg train loss: 10.3877
Epoch 4 - avg val score: 0.7531, th: nan
epoch step: lr: 0.0009045
Epoch 4 - Save @ score: 0.7531
Epoch 5 - avg train loss: 7.3474
Epoch 5 - avg val score: 0.7532, th: nan
epoch step: lr: 0.0008536
Epoch 5 - Save @ score: 0.7532
Epoch 6 - avg train loss: 5.2752
Epoch 6 - avg val score: 0.7539, th: nan
epoch step: lr: 0.0007939
Epoch 6 - Save @ score: 0.7539
Epoch 7 - avg train loss: 3.8997
Epoch 7 - avg val score: 0.7590, th: nan
epoch step: lr: 0.0007270
Epoch 7 - Save @ score: 0.7590
Epoch 8 - avg train loss: 2.9168
Epoch 8 - avg val score: 0.7551, th: nan
epoch step: lr: 0.0006545
Epoch 9 - avg train loss: 2.1506
Epoch 9 - avg val score: 0.7533, th: nan
epoch step: lr: 0.0005783
Epoch 10 - avg train loss: 1.5532
Epoch 10 - avg val score: 0.7573, th: nan
epoch step: lr: 0.0005000
Epoch 11 - avg train loss: 1.1246
Epoch 11 - avg val score: 0.7573, th: nan
epoch step: lr: 0.0004218
Epoch 12 - avg train loss: 0.8226
Epoch 12 - avg val score: 0.7567, th: nan
epoch step: lr: 0.0003456
Epoch 13 - avg train loss: 0.6087
Epoch 13 - avg val score: 0.7547, th: nan
epoch step: lr: 0.0002731
Epoch 14 - avg train loss: 0.4723
Epoch 14 - avg val score: 0.7555, th: nan
epoch step: lr: 0.0002062
Epoch 15 - avg train loss: 0.3727
Epoch 15 - avg val score: 0.7556, th: nan
epoch step: lr: 0.0001465
Epoch 16 - avg train loss: 0.3088
Epoch 16 - avg val score: 0.7560, th: nan
epoch step: lr: 0.0000956
Epoch 17 - avg train loss: 0.2623
Epoch 17 - avg val score: 0.7562, th: nan
epoch step: lr: 0.0000546
Epoch 18 - avg train loss: 0.2247
Epoch 18 - avg val score: 0.7571, th: nan
epoch step: lr: 0.0000246
Epoch 19 - avg train loss: 0.2044
Epoch 19 - avg val score: 0.7566, th: nan
epoch step: lr: 0.0000063
Restoring model state from checkpoint...
Loaded checkpoint '/root/Projects/Shopee/models/exp_03-04-2021-07-11_f0_score.pth' (epoch 8)
validation for fold: 0, score: 0.7590240659700295
