Experiment: exp_21-04-2021-11-46
Training with a single process on 1 GPUs.
Git commit hash: 2585275
Using CSV: /root/Projects/Shopee/meta_data/train_folds.csv
NumExpr defaulting to 4 threads.
Data: train size: 27399, val_size: 6851
Loading pretrained weights from url (https://github.com/rwightman/pytorch-image-models/releases/download/v0.1-weights/tf_efficientnet_b1_ns-99dd0c41.pth)
Model 'ArcFaceNet' with backbone: tf_efficientnet_b1_ns created, param count: 9_994_016
Using optimizer: AdamW (
Parameter Group 0
    amsgrad: False
    betas: (0.9, 0.999)
    eps: 1e-08
    lr: 0.0005
    weight_decay: 0.0
)
AMP: 'NativeScaler'
Epoch 0 - avg train loss: 18.3866
Epoch 0 - avg val score: 0.6375, th: nan
epoch step: lr: 0.0000010
Epoch 0 - Save @ score: 0.6375
Epoch 1 - avg train loss: 18.2764
Epoch 1 - avg val score: 0.6377, th: nan
epoch step: lr: 0.0000509
Epoch 1 - Save @ score: 0.6377
Epoch 2 - avg train loss: 17.0384
Epoch 2 - avg val score: 0.4622, th: nan
epoch step: lr: 0.0001008
Epoch 3 - avg train loss: 14.0983
Epoch 3 - avg val score: 0.7112, th: nan
epoch step: lr: 0.0001507
Epoch 3 - Save @ score: 0.7112
Epoch 4 - avg train loss: 10.5159
Epoch 4 - avg val score: 0.7303, th: nan
epoch step: lr: 0.0002006
Epoch 4 - Save @ score: 0.7303
Epoch 5 - avg train loss: 7.4510
Epoch 5 - avg val score: 0.7379, th: nan
epoch step: lr: 0.0002505
Epoch 5 - Save @ score: 0.7379
Epoch 6 - avg train loss: 5.1561
Epoch 6 - avg val score: 0.7411, th: nan
epoch step: lr: 0.0003004
Epoch 6 - Save @ score: 0.7411
Epoch 7 - avg train loss: 3.7394
Epoch 7 - avg val score: 0.7412, th: nan
epoch step: lr: 0.0003503
Epoch 7 - Save @ score: 0.7412
Epoch 8 - avg train loss: 2.9245
Epoch 8 - avg val score: 0.7405, th: nan
epoch step: lr: 0.0004002
Epoch 9 - avg train loss: 2.4377
Epoch 9 - avg val score: 0.7392, th: nan
epoch step: lr: 0.0004501
Epoch 10 - avg train loss: 2.1059
Epoch 10 - avg val score: 0.7377, th: nan
epoch step: lr: 0.0002503
Epoch 11 - avg train loss: 1.2698
Epoch 11 - avg val score: 0.7373, th: nan
epoch step: lr: 0.0002112
Epoch 12 - avg train loss: 0.8988
Epoch 12 - avg val score: 0.7358, th: nan
epoch step: lr: 0.0001731
Epoch 13 - avg train loss: 0.7203
Epoch 13 - avg val score: 0.7334, th: nan
epoch step: lr: 0.0001369
Epoch 14 - avg train loss: 0.5766
Epoch 14 - avg val score: 0.7339, th: nan
epoch step: lr: 0.0001035
Epoch 15 - avg train loss: 0.4864
Epoch 15 - avg val score: 0.7347, th: nan
epoch step: lr: 0.0000737
Epoch 16 - avg train loss: 0.4203
Epoch 16 - avg val score: 0.7327, th: nan
epoch step: lr: 0.0000482
Epoch 17 - avg train loss: 0.3715
Epoch 17 - avg val score: 0.7342, th: nan
epoch step: lr: 0.0000277
Epoch 18 - avg train loss: 0.3459
Epoch 18 - avg val score: 0.7326, th: nan
epoch step: lr: 0.0000127
Epoch 19 - avg train loss: 0.3169
Epoch 19 - avg val score: 0.7323, th: nan
epoch step: lr: 0.0000036
Loading pretrained weights from url (https://github.com/rwightman/pytorch-image-models/releases/download/v0.1-weights/tf_efficientnet_b1_ns-99dd0c41.pth)
Restoring model state from checkpoint...
Loaded checkpoint '/root/Projects/Shopee/models/exp_21-04-2021-11-46_f0_score.pth' (epoch 8)
Image model score: 0.7412496678498949 [for exp: exp_21-04-2021-11-46, fold: 0]
Text model score: 0.7171399165712931 [for exp: exp_21-04-2021-11-46, fold: 0]
validation for fold: 0, score: 0.8333984687424109
