Experiment: exp_04-04-2021-07-20
Training with a single process on 1 GPUs.
Git commit hash: 494dc0d
Using CSV: /root/Projects/Shopee/meta_data/train_folds.csv
NumExpr defaulting to 4 threads.
Data: train size: 27399, val_size: 6851
Loading pretrained weights from url (https://github.com/rwightman/pytorch-image-models/releases/download/v0.1-weights/tf_efficientnet_b3_ns-9d44bf68.pth)
Model 'ArcFaceNet' with backbone: tf_efficientnet_b3_ns created, param count: 17_126_440
Using optimizer: AdamW (
Parameter Group 0
    amsgrad: False
    betas: (0.9, 0.999)
    eps: 1e-08
    lr: 0.001
    weight_decay: 0.0
)
AMP: 'NativeScaler'
Epoch 0 - avg train loss: 16.6368
Epoch 0 - avg val score: 0.6624, th: nan
epoch step: lr: 0.0000050
Epoch 0 - Save @ score: 0.6624
Epoch 1 - avg train loss: 16.4749
Epoch 1 - avg val score: 0.6548, th: nan
epoch step: lr: 0.0002040
Epoch 2 - avg train loss: 14.1580
Epoch 2 - avg val score: 0.7360, th: nan
epoch step: lr: 0.0004030
Epoch 2 - Save @ score: 0.7360
Epoch 3 - avg train loss: 10.1395
Epoch 3 - avg val score: 0.7478, th: nan
epoch step: lr: 0.0006020
Epoch 3 - Save @ score: 0.7478
Epoch 4 - avg train loss: 7.8891
Epoch 4 - avg val score: 0.7549, th: nan
epoch step: lr: 0.0008010
Epoch 4 - Save @ score: 0.7549
Epoch 5 - avg train loss: 6.9408
Epoch 5 - avg val score: 0.7548, th: nan
epoch step: lr: 0.0008536
Epoch 6 - avg train loss: 6.0550
Epoch 6 - avg val score: 0.7561, th: nan
epoch step: lr: 0.0007939
Epoch 6 - Save @ score: 0.7561
Epoch 7 - avg train loss: 5.1548
Epoch 7 - avg val score: 0.7553, th: nan
epoch step: lr: 0.0007270
Epoch 8 - avg train loss: 4.4598
Epoch 8 - avg val score: 0.7606, th: nan
epoch step: lr: 0.0006545
Epoch 8 - Save @ score: 0.7606
Epoch 9 - avg train loss: 3.8856
Epoch 9 - avg val score: 0.7637, th: nan
epoch step: lr: 0.0005783
Epoch 9 - Save @ score: 0.7637
Epoch 10 - avg train loss: 3.4227
Epoch 10 - avg val score: 0.7634, th: nan
epoch step: lr: 0.0005000
Epoch 11 - avg train loss: 3.0231
Epoch 11 - avg val score: 0.7642, th: nan
epoch step: lr: 0.0004218
Epoch 11 - Save @ score: 0.7642
Epoch 12 - avg train loss: 2.6770
Epoch 12 - avg val score: 0.7654, th: nan
epoch step: lr: 0.0003456
Epoch 12 - Save @ score: 0.7654
Epoch 13 - avg train loss: 2.3680
Epoch 13 - avg val score: 0.7677, th: nan
epoch step: lr: 0.0002731
Epoch 13 - Save @ score: 0.7677
Epoch 14 - avg train loss: 2.0989
Epoch 14 - avg val score: 0.7661, th: nan
epoch step: lr: 0.0002062
Epoch 15 - avg train loss: 1.8862
Epoch 15 - avg val score: 0.7682, th: nan
epoch step: lr: 0.0001465
Epoch 15 - Save @ score: 0.7682
Epoch 16 - avg train loss: 1.6961
Epoch 16 - avg val score: 0.7685, th: nan
epoch step: lr: 0.0000956
Epoch 16 - Save @ score: 0.7685
Epoch 17 - avg train loss: 1.5776
Epoch 17 - avg val score: 0.7691, th: nan
epoch step: lr: 0.0000546
Epoch 17 - Save @ score: 0.7691
Epoch 18 - avg train loss: 1.4943
Epoch 18 - avg val score: 0.7678, th: nan
epoch step: lr: 0.0000246
Epoch 19 - avg train loss: 1.4209
Epoch 19 - avg val score: 0.7673, th: nan
epoch step: lr: 0.0000063
Restoring model state from checkpoint...
Loaded checkpoint '/root/Projects/Shopee/models/exp_04-04-2021-07-20_f0_score.pth' (epoch 18)
validation for fold: 0, score: 0.7691323172924877
