Experiment: exp_02-04-2021-15-40
Training with a single process on 1 GPUs.
Git commit hash: 132d0f1
Using CSV: /root/Projects/Shopee/meta_data/train_folds.csv
NumExpr defaulting to 4 threads.
Data: train size: 27399, val_size: 6851
Loading pretrained weights from url (https://github.com/rwightman/pytorch-image-models/releases/download/v0.1-weights/resnet101d_ra2-2803ffab.pth)
Model 'ArcFaceNet' with backbone: resnet101d created, param count: 49_212_768
Using optimizer: AdamW (
Parameter Group 0
    amsgrad: False
    betas: (0.9, 0.999)
    eps: 1e-08
    lr: 0.0005
    weight_decay: 0.0
)
AMP: 'NativeScaler'
Epoch 0 - avg train loss: 29.4611
Epoch 0 - avg val score: 0.6697, th: nan
epoch step: lr: 0.0000005
Epoch 0 - Save @ score: 0.6697
Epoch 1 - avg train loss: 29.4159
Epoch 1 - avg val score: 0.6707, th: nan
epoch step: lr: 0.0004980
Epoch 1 - Save @ score: 0.6707
Epoch 2 - avg train loss: 24.9340
Epoch 2 - avg val score: 0.7373, th: nan
epoch step: lr: 0.0004922
Epoch 2 - Save @ score: 0.7373
Epoch 3 - avg train loss: 16.7956
Epoch 3 - avg val score: 0.7476, th: nan
epoch step: lr: 0.0004825
Epoch 3 - Save @ score: 0.7476
Epoch 4 - avg train loss: 12.4474
Epoch 4 - avg val score: 0.7548, th: nan
epoch step: lr: 0.0004691
Epoch 4 - Save @ score: 0.7548
Epoch 5 - avg train loss: 9.8944
Epoch 5 - avg val score: 0.7569, th: nan
epoch step: lr: 0.0004523
Epoch 5 - Save @ score: 0.7569
Epoch 6 - avg train loss: 8.2433
Epoch 6 - avg val score: 0.7597, th: nan
epoch step: lr: 0.0004323
Epoch 6 - Save @ score: 0.7597
Epoch 7 - avg train loss: 7.0314
Epoch 7 - avg val score: 0.7587, th: nan
epoch step: lr: 0.0004094
Epoch 8 - avg train loss: 6.0290
Epoch 8 - avg val score: 0.7625, th: nan
epoch step: lr: 0.0003841
Epoch 8 - Save @ score: 0.7625
Epoch 9 - avg train loss: 5.2163
Epoch 9 - avg val score: 0.7614, th: nan
epoch step: lr: 0.0003566
Epoch 10 - avg train loss: 4.5021
Epoch 10 - avg val score: 0.7615, th: nan
epoch step: lr: 0.0003274
Epoch 11 - avg train loss: 3.8540
Epoch 11 - avg val score: 0.7636, th: nan
epoch step: lr: 0.0002970
Epoch 11 - Save @ score: 0.7636
Epoch 12 - avg train loss: 3.2875
Epoch 12 - avg val score: 0.7642, th: nan
epoch step: lr: 0.0002659
Epoch 12 - Save @ score: 0.7642
Epoch 13 - avg train loss: 2.7978
Epoch 13 - avg val score: 0.7625, th: nan
epoch step: lr: 0.0002346
Epoch 14 - avg train loss: 2.3306
Epoch 14 - avg val score: 0.7640, th: nan
epoch step: lr: 0.0002035
Epoch 15 - avg train loss: 1.9713
Epoch 15 - avg val score: 0.7624, th: nan
epoch step: lr: 0.0001731
Epoch 16 - avg train loss: 1.6458
Epoch 16 - avg val score: 0.7633, th: nan
epoch step: lr: 0.0001439
Epoch 17 - avg train loss: 1.3589
Epoch 17 - avg val score: 0.7641, th: nan
epoch step: lr: 0.0001164
Epoch 18 - avg train loss: 1.1679
Epoch 18 - avg val score: 0.7633, th: nan
epoch step: lr: 0.0000911
Epoch 19 - avg train loss: 0.9914
Epoch 19 - avg val score: 0.7648, th: nan
epoch step: lr: 0.0000682
Epoch 19 - Save @ score: 0.7648
Epoch 20 - avg train loss: 0.8730
Epoch 20 - avg val score: 0.7610, th: nan
epoch step: lr: 0.0000482
Epoch 21 - avg train loss: 0.7590
Epoch 21 - avg val score: 0.7621, th: nan
epoch step: lr: 0.0000314
Epoch 22 - avg train loss: 0.6990
Epoch 22 - avg val score: 0.7633, th: nan
epoch step: lr: 0.0000180
Epoch 23 - avg train loss: 0.6423
Epoch 23 - avg val score: 0.7627, th: nan
epoch step: lr: 0.0000083
Epoch 24 - avg train loss: 0.6060
Epoch 24 - avg val score: 0.7624, th: nan
epoch step: lr: 0.0000025
Restoring model state from checkpoint...
Loaded checkpoint '/root/Projects/Shopee/models/exp_02-04-2021-15-40_f0_score.pth' (epoch 20)
validation for fold: 0, score: 0.7648337811456081
