Experiment: exp_13-04-2021-13-17
Training with a single process on 1 GPUs.
Git commit hash: 5ebbb35
Using CSV: /root/Projects/Shopee/meta_data/train_folds.csv
NumExpr defaulting to 4 threads.
Data: train size: 27399, val_size: 6851
Loading pretrained weights from url (https://github.com/rwightman/pytorch-image-models/releases/download/v0.1-weights/tf_efficientnet_b1_ns-99dd0c41.pth)
Model 'ArcFaceNet' with backbone: tf_efficientnet_b1_ns created, param count: 9_994_016
Using optimizer: AdamW (
Parameter Group 0
    amsgrad: False
    betas: (0.9, 0.999)
    eps: 1e-08
    lr: 0.0005
    weight_decay: 0.0
)
AMP: 'NativeScaler'
Epoch 0 - avg train loss: 25.3364
Epoch 0 - avg val score: 0.6363, th: nan
epoch step: lr: 0.0000010
Epoch 0 - Save @ score: 0.6363
Epoch 1 - avg train loss: 25.2316
Epoch 1 - avg val score: 0.6375, th: nan
epoch step: lr: 0.0000509
Epoch 1 - Save @ score: 0.6375
Epoch 2 - avg train loss: 24.0522
Epoch 2 - avg val score: 0.3905, th: nan
epoch step: lr: 0.0001008
Epoch 3 - avg train loss: 21.4676
Epoch 3 - avg val score: 0.7104, th: nan
epoch step: lr: 0.0001507
Epoch 3 - Save @ score: 0.7104
Epoch 4 - avg train loss: 17.7581
Epoch 4 - avg val score: 0.7316, th: nan
epoch step: lr: 0.0002006
Epoch 4 - Save @ score: 0.7316
Epoch 5 - avg train loss: 14.2581
Epoch 5 - avg val score: 0.7382, th: nan
epoch step: lr: 0.0002505
Epoch 5 - Save @ score: 0.7382
Epoch 6 - avg train loss: 11.2857
Epoch 6 - avg val score: 0.7386, th: nan
epoch step: lr: 0.0003004
Epoch 6 - Save @ score: 0.7386
Epoch 7 - avg train loss: 9.1529
Epoch 7 - avg val score: 0.7427, th: nan
epoch step: lr: 0.0003503
Epoch 7 - Save @ score: 0.7427
Epoch 8 - avg train loss: 7.7205
Epoch 8 - avg val score: 0.7426, th: nan
epoch step: lr: 0.0004002
Epoch 9 - avg train loss: 6.7640
Epoch 9 - avg val score: 0.7415, th: nan
epoch step: lr: 0.0004501
Epoch 10 - avg train loss: 6.1129
Epoch 10 - avg val score: 0.7440, th: nan
epoch step: lr: 0.0002503
Epoch 10 - Save @ score: 0.7440
Epoch 11 - avg train loss: 4.4535
Epoch 11 - avg val score: 0.7452, th: nan
epoch step: lr: 0.0002112
Epoch 11 - Save @ score: 0.7452
Epoch 12 - avg train loss: 3.5838
Epoch 12 - avg val score: 0.7467, th: nan
epoch step: lr: 0.0001731
Epoch 12 - Save @ score: 0.7467
Epoch 13 - avg train loss: 3.0716
Epoch 13 - avg val score: 0.7455, th: nan
epoch step: lr: 0.0001369
Epoch 14 - avg train loss: 2.6320
Epoch 14 - avg val score: 0.7452, th: nan
epoch step: lr: 0.0001035
Epoch 15 - avg train loss: 2.3131
Epoch 15 - avg val score: 0.7462, th: nan
epoch step: lr: 0.0000737
Epoch 16 - avg train loss: 2.0991
Epoch 16 - avg val score: 0.7441, th: nan
epoch step: lr: 0.0000482
Epoch 17 - avg train loss: 1.8973
Epoch 17 - avg val score: 0.7441, th: nan
epoch step: lr: 0.0000277
Epoch 18 - avg train loss: 1.7890
Epoch 18 - avg val score: 0.7438, th: nan
epoch step: lr: 0.0000127
Epoch 19 - avg train loss: 1.6964
Epoch 19 - avg val score: 0.7445, th: nan
epoch step: lr: 0.0000036
Restoring model state from checkpoint...
Loaded checkpoint '/root/Projects/Shopee/models/exp_13-04-2021-13-17_f0_score.pth' (epoch 13)
Image model score: 0.7466575837370945 [for exp: exp_13-04-2021-13-17, fold: 0]
Text model score: 0.7171399165712931 [for exp: exp_13-04-2021-13-17, fold: 0]
validation for fold: 0, score: 0.8369862962735612
